<?xml version="1.0" encoding="UTF-8"?>
<testng-results ignored="0" total="1" passed="1" failed="0" skipped="0">
  <reporter-output>
  </reporter-output>
  <suite started-at="2023-12-16T12:17:33 IST" name="Default suite" finished-at="2023-12-16T12:17:33 IST" duration-ms="172">
    <groups>
    </groups>
    <test started-at="2023-12-16T12:17:33 IST" name="Default test" finished-at="2023-12-16T12:17:33 IST" duration-ms="172">
      <class name="practice1_jenkins">
        <test-method signature="jenkinsTEST()[pri:0, instance:practice1_jenkins@31190526]" started-at="2023-12-16T12:17:33 IST" name="jenkinsTEST" finished-at="2023-12-16T12:17:33 IST" duration-ms="29" status="PASS">
          <reporter-output>
          </reporter-output>
        </test-method> <!-- jenkinsTEST -->
      </class> <!-- practice1_jenkins -->
    </test> <!-- Default test -->
  </suite> <!-- Default suite -->
</testng-results>
